2017-07-13T01:17:20.773Z - normal: Load ~/.CocosCreator/settings.json
2017-07-13T01:17:20.776Z - normal: checking language setting...
2017-07-13T01:17:20.776Z - normal: Language: zh
2017-07-13T01:17:21.051Z - success: protocol editor-framework registered
2017-07-13T01:17:21.051Z - success: protocol app registered
2017-07-13T01:17:21.051Z - success: protocol theme registered
2017-07-13T01:17:21.051Z - success: protocol profile registered
2017-07-13T01:17:21.051Z - success: protocol packages registered
2017-07-13T01:17:21.054Z - success: protocol unpack registerred
2017-07-13T01:17:21.054Z - success: protocol disable-commonjs registerred
2017-07-13T01:17:21.419Z - normal: connected!
2017-07-13T01:17:21.422Z - normal: Check project /Users/yzz/ANQI/CoT_AQ
2017-07-13T01:17:21.423Z - normal: Initializing Cocos2d
2017-07-13T01:17:21.541Z - normal: Initializing Asset Database
2017-07-13T01:17:21.564Z - success: protocol uuid registerred
2017-07-13T01:17:21.564Z - success: protocol db registerred
2017-07-13T01:17:21.564Z - success: protocol thumbnail registerred
2017-07-13T01:17:21.564Z - normal: Loading editor/builtin packages
2017-07-13T01:17:21.579Z - success: anysdk loaded
2017-07-13T01:17:21.678Z - success: assets loaded
2017-07-13T01:17:21.681Z - success: builder loaded
2017-07-13T01:17:21.685Z - success: hierarchy loaded
2017-07-13T01:17:21.689Z - success: inspector loaded
2017-07-13T01:17:21.690Z - success: keystore loaded
2017-07-13T01:17:21.693Z - success: node-library loaded
2017-07-13T01:17:21.695Z - success: package-asset loaded
2017-07-13T01:17:21.696Z - success: preferences loaded
2017-07-13T01:17:21.708Z - success: project-importer loaded
2017-07-13T01:17:21.710Z - success: project-settings loaded
2017-07-13T01:17:21.713Z - success: ui-kit loaded
2017-07-13T01:17:21.716Z - success: ui-grid loaded
2017-07-13T01:17:21.720Z - success: scene loaded
2017-07-13T01:17:21.721Z - success: sprite-editor loaded
2017-07-13T01:17:21.724Z - success: store loaded
2017-07-13T01:17:21.728Z - success: timeline loaded
2017-07-13T01:17:21.728Z - normal: Loading builtin packages
2017-07-13T01:17:21.732Z - success: asset-db-debugger loaded
2017-07-13T01:17:21.733Z - success: code-editor loaded
2017-07-13T01:17:21.734Z - success: color-picker loaded
2017-07-13T01:17:21.738Z - success: console loaded
2017-07-13T01:17:21.741Z - success: package-manager loaded
2017-07-13T01:17:21.751Z - success: sdkbox loaded
2017-07-13T01:17:21.755Z - success: tester loaded
2017-07-13T01:17:21.759Z - success: ui-kit-preview-extra loaded
2017-07-13T01:17:21.762Z - success: ui-kit-preview loaded
2017-07-13T01:17:21.764Z - success: ui-tree loaded
2017-07-13T01:17:22.367Z - normal: Initializing project /Users/yzz/ANQI/CoT_AQ
2017-07-13T01:17:22.369Z - normal: Loading packages
2017-07-13T01:17:22.374Z - normal: Watching packages
2017-07-13T01:17:22.384Z - normal: Run Application
2017-07-13T01:17:22.622Z - success: preview server running at http://localhost:7456
2017-07-13T01:17:25.898Z - normal: 1.5.1
2017-07-13T01:17:26.070Z - warn: The 'type' attribute of '5511.chessList' is undefined when loading script
2017-07-13T01:18:14.889Z - normal: Simulator: WORKAREA WIDTH 1920.00, HEIGHT 981.00
2017-07-13T01:18:14.889Z - normal: Simulator: FRAME SCALE = 1.00
2017-07-13T01:18:14.896Z - normal: Simulator: GLFWError #65544 Happen, Cocoa: Failed to retrieve display name
2017-07-13T01:18:14.968Z - normal: Simulator: 
2017-07-13T01:18:14.968Z - normal: Simulator: {
2017-07-13T01:18:14.969Z - normal: Simulator: 	gl.supports_OES_map_buffer: false
2017-07-13T01:18:14.969Z - normal: Simulator: 	gl.supports_vertex_array_object: true
2017-07-13T01:18:14.969Z - normal: Simulator: 	cocos2d.x.version: 1.5.0
2017-07-13T01:18:14.969Z - normal: Simulator: 	gl.vendor: NVIDIA Corporation
2017-07-13T01:18:14.969Z - normal: Simulator: 	gl.supports_PVRTC: false
2017-07-13T01:18:14.969Z - normal: Simulator: 	gl.renderer: NVIDIA GeForce GTX 960 OpenGL Engine
2017-07-13T01:18:14.969Z - normal: Simulator: 	cocos2d.x.compiled_with_profiler: false
2017-07-13T01:18:14.970Z - normal: Simulator: 	gl.max_texture_size: 16384
2017-07-13T01:18:14.983Z - normal: Simulator: 	gl.supports_ETC1: false
2017-07-13T01:18:14.983Z - normal: Simulator: 	gl.supports_BGRA8888: false
2017-07-13T01:18:14.983Z - normal: Simulator: 	cocos2d.x.build_type: DEBUG
2017-07-13T01:18:14.984Z - normal: Simulator: 	gl.max_texture_units: 16
2017-07-13T01:18:14.984Z - normal: Simulator: 	gl.supports_OES_packed_depth_stencil: false
2017-07-13T01:18:14.984Z - normal: Simulator: 	gl.supports_discard_framebuffer: false
2017-07-13T01:18:14.984Z - normal: Simulator: 	gl.supports_NPOT: true
2017-07-13T01:18:14.984Z - normal: Simulator: 	gl.version: 2.1 NVIDIA-10.18.5 378.05.05.15f01
2017-07-13T01:18:14.984Z - normal: Simulator: 	cocos2d.x.compiled_with_gl_state_cache: true
2017-07-13T01:18:14.985Z - normal: Simulator: 	gl.supports_OES_depth24: false
2017-07-13T01:18:14.985Z - normal: Simulator: }
2017-07-13T01:18:14.985Z - normal: Simulator: 
2017-07-13T01:18:14.985Z - normal: Simulator: 
2017-07-13T01:18:14.985Z - normal: Simulator: cocos2d: warning, Director::setProjection() failed because size is 0
2017-07-13T01:18:14.985Z - normal: Simulator: Project Config:
2017-07-13T01:18:14.985Z - normal: Simulator:     project dir: /Applications/CocosCreator.app/Contents/Resources/cocos2d-x/simulator/mac/Simulator.app/Contents/Resources/
2017-07-13T01:18:14.985Z - normal: Simulator:     writable path: $(PROJDIR)/
2017-07-13T01:18:14.986Z - normal: Simulator:     script file: $(PROJDIR)/main.js
2017-07-13T01:18:14.986Z - normal: Simulator:     frame size: 960 x 640
2017-07-13T01:18:14.986Z - normal: Simulator:     frame scale: 1.00
2017-07-13T01:18:14.986Z - normal: Simulator:     show console: NO
2017-07-13T01:18:14.986Z - normal: Simulator:     write debug log: NO ()
2017-07-13T01:18:14.986Z - normal: Simulator:     listen: 
2017-07-13T01:18:14.986Z - normal: Simulator:     debugger: none
2017-07-13T01:18:14.987Z - normal: Simulator:     add searching path:
2017-07-13T01:18:14.987Z - normal: Simulator: ------------------------------------------------
2017-07-13T01:18:14.987Z - normal: Simulator: LOAD Js FILE: main.js
2017-07-13T01:18:14.987Z - normal: Simulator: ------------------------------------------------
2017-07-13T01:18:15.149Z - normal: Simulator: Cocos2d-JS v3.14
2017-07-13T01:18:15.323Z - normal: Simulator: iShow!
2017-07-13T01:18:15.968Z - normal: Simulator: btn_statr_onClick
2017-07-13T01:18:16.018Z - normal: Simulator: 随机14
2017-07-13T01:18:16.019Z - normal: Simulator: 随机6
2017-07-13T01:18:16.024Z - normal: Simulator: 随机5
2017-07-13T01:18:16.025Z - normal: Simulator: 随机12
2017-07-13T01:18:16.025Z - normal: Simulator: 随机5
2017-07-13T01:18:16.027Z - normal: Simulator: 随机5
2017-07-13T01:18:16.029Z - normal: Simulator: 随机10
2017-07-13T01:18:16.032Z - normal: Simulator: 随机14
2017-07-13T01:18:16.033Z - normal: Simulator: 随机6
2017-07-13T01:18:16.034Z - normal: Simulator: 随机14
2017-07-13T01:18:16.036Z - normal: Simulator: 随机5
2017-07-13T01:18:16.049Z - normal: Simulator: 随机10
2017-07-13T01:18:16.050Z - normal: Simulator: 随机8
2017-07-13T01:18:16.050Z - normal: Simulator: 随机8
2017-07-13T01:18:16.050Z - normal: Simulator: 随机14
2017-07-13T01:18:16.051Z - normal: Simulator: 随机5
2017-07-13T01:18:16.051Z - normal: Simulator: 随机12
2017-07-13T01:18:16.051Z - normal: Simulator: 随机5
2017-07-13T01:18:16.051Z - normal: Simulator: 随机5
2017-07-13T01:18:16.052Z - normal: Simulator: 随机5
2017-07-13T01:18:16.052Z - normal: Simulator: 随机15
2017-07-13T01:18:16.052Z - normal: Simulator: 随机10
2017-07-13T01:18:16.052Z - normal: Simulator: 随机6
2017-07-13T01:18:16.053Z - normal: Simulator: 随机12
2017-07-13T01:18:16.053Z - normal: Simulator: 随机8
2017-07-13T01:18:16.059Z - normal: Simulator: 随机5
2017-07-13T01:18:16.059Z - normal: Simulator: 随机8
2017-07-13T01:18:16.060Z - normal: Simulator: 随机6
2017-07-13T01:18:16.061Z - normal: Simulator: 随机5
2017-07-13T01:18:16.061Z - normal: Simulator: 随机12
2017-07-13T01:18:16.062Z - normal: Simulator: 随机10
2017-07-13T01:18:16.062Z - normal: Simulator: 随机15
2017-07-13T01:18:16.617Z - normal: Simulator: 19
2017-07-13T01:18:16.717Z - normal: Simulator: 不销毁
2017-07-13T01:18:16.918Z - normal: Simulator: 18
2017-07-13T01:18:17.033Z - normal: Simulator: 不销毁
2017-07-13T01:18:17.519Z - normal: Simulator: 18
2017-07-13T01:18:17.619Z - normal: Simulator: 不销毁
2017-07-13T01:18:17.916Z - normal: Simulator: 10
2017-07-13T01:18:18.045Z - normal: Simulator: 不销毁
2017-07-13T01:18:18.306Z - normal: Simulator: 11
2017-07-13T01:18:18.421Z - normal: Simulator: 不销毁
2017-07-13T01:18:18.797Z - normal: Simulator: 12
2017-07-13T01:18:18.913Z - normal: Simulator: 不销毁
2017-07-13T01:18:19.113Z - normal: Simulator: 20
2017-07-13T01:18:19.228Z - normal: Simulator: 不销毁
2017-07-13T01:18:19.413Z - normal: Simulator: 21
2017-07-13T01:18:19.512Z - normal: Simulator: 不销毁
2017-07-13T01:18:19.680Z - normal: Simulator: 13
2017-07-13T01:18:19.796Z - normal: Simulator: 不销毁
2017-07-13T01:18:19.996Z - normal: Simulator: 22
2017-07-13T01:18:20.097Z - normal: Simulator: 不销毁
2017-07-13T01:18:20.213Z - normal: Simulator: 14
2017-07-13T01:18:20.329Z - normal: Simulator: 不销毁
2017-07-13T01:18:20.480Z - normal: Simulator: 23
2017-07-13T01:18:20.596Z - normal: Simulator: 不销毁
2017-07-13T01:18:20.679Z - normal: Simulator: 15
2017-07-13T01:18:20.830Z - normal: Simulator: 不销毁
2017-07-13T01:18:22.233Z - normal: Simulator: basic_object_finalize 0x15d42af0 ...
2017-07-13T01:18:22.234Z - normal: Simulator: jsbindings: finalizing JS object 0x15d42b20 (WebSocket)
2017-07-13T01:18:22.234Z - normal: Simulator: jsbindings: finalizing JS object 0x15d42b50 (SocketIO)
2017-07-13T01:18:22.234Z - normal: Simulator: basic_object_finalize 0x15d42be0 ...
2017-07-13T01:18:22.234Z - normal: Simulator: basic_object_finalize 0x15d42e80 ...
